
21-08-2018 16:34:41 | index | 
21-08-2018 16:34:42 | index | 
21-08-2018 16:39:07 | index | 
21-08-2018 16:40:29 | about | http://mysite2.local/
21-08-2018 16:41:41 | index | /
21-08-2018 16:42:03 | index | /
21-08-2018 16:42:13 | log | http://mysite2.local/
21-08-2018 16:43:40 | index | http://mysite2.local/index.php?id=log
21-08-2018 16:44:48 | index | http://mysite2.local/index.php?id=log
21-08-2018 16:45:02 | log | /
21-08-2018 16:45:36 | log | /
21-08-2018 16:46:00 | log | /
21-08-2018 16:51:36 | contact | http://mysite2.local/index.php?id=log&login=dima&pass=1234
21-08-2018 16:51:46 | contact | http://mysite2.local/index.php?id=contact
21-08-2018 16:56:12 | index | /
21-08-2018 16:57:53 | index | /
21-08-2018 16:57:54 | index | /
21-08-2018 16:57:55 | index | /
21-08-2018 16:57:56 | index | /
21-08-2018 16:58:00 | index | http://mysite2.local/
21-08-2018 16:58:02 | contact | http://mysite2.local/index.php
21-08-2018 16:58:02 | about | http://mysite2.local/index.php?id=contact
21-08-2018 16:58:03 | info | http://mysite2.local/index.php?id=about
21-08-2018 16:58:39 | log | http://mysite2.local/index.php?id=info
21-08-2018 16:58:42 | index | http://mysite2.local/index.php?id=log
21-08-2018 16:58:45 | gbook | http://mysite2.local/index.php
21-08-2018 16:58:50 | gbook | http://mysite2.local/index.php?id=gbook
21-08-2018 16:59:09 | gbook | http://mysite2.local/index.php?id=gbook
21-08-2018 16:59:26 | index | /
21-08-2018 16:59:27 | gbook | http://mysite2.local/index.php
21-08-2018 16:59:32 | gbook | http://mysite2.local/index.php?id=gbook
21-08-2018 17:00:46 | gbook | http://mysite2.local/index.php?id=gbook
21-08-2018 17:00:46 | gbook | http://mysite2.local/index.php?id=gbook
21-08-2018 17:00:48 | gbook | http://mysite2.local/index.php?id=gbook
21-08-2018 17:00:49 | gbook | http://mysite2.local/index.php?id=gbook&del=6
21-08-2018 17:00:50 | gbook | http://mysite2.local/index.php?id=gbook&del=7
21-08-2018 17:00:51 | gbook | http://mysite2.local/index.php?id=gbook&del=5
21-08-2018 17:05:50 | index | http://mysite2.local/
21-08-2018 17:05:52 | contact | http://mysite2.local/index.php
21-08-2018 17:05:53 | about | http://mysite2.local/index.php?id=contact
21-08-2018 17:05:54 | info | http://mysite2.local/index.php?id=about
21-08-2018 17:06:09 | index | http://mysite2.local/index.php?id=info
21-08-2018 17:43:30 | index | http://mysite2.local/index.php?id=gbook&del=4
21-08-2018 17:52:46 | index | /
22-08-2018 11:17:24 | index | /
22-08-2018 14:54:43 | gbook | http://mysite2.local/
22-08-2018 15:52:48 | index | http://mysite2.local/index.php?id=gbook
22-08-2018 15:56:28 | index | /
22-08-2018 18:01:29 | index | /
22-08-2018 18:12:46 | index | /
23-08-2018 12:32:35 | index | /
23-08-2018 12:35:50 | index | /
